0 info it worked if it ends with ok
1 verbose cli [ 'E:\\SSD\\nodejs\\node.exe',
1 verbose cli   'E:\\SSD\\nodejs\\node_modules\\npm\\bin\\npm-cli.js',
1 verbose cli   'run',
1 verbose cli   'develop' ]
2 info using npm@3.10.10
3 info using node@v6.9.4
4 verbose run-script [ 'predevelop', 'develop', 'postdevelop' ]
5 info lifecycle webpack_example@1.0.0~predevelop: webpack_example@1.0.0
6 silly lifecycle webpack_example@1.0.0~predevelop: no script for predevelop, continuing
7 info lifecycle webpack_example@1.0.0~develop: webpack_example@1.0.0
8 verbose lifecycle webpack_example@1.0.0~develop: unsafe-perm in lifecycle true
9 verbose lifecycle webpack_example@1.0.0~develop: PATH: E:\SSD\nodejs\node_modules\npm\bin\node-gyp-bin;G:\资料视频\上课视频资料\016移动app\day02\代码\webpack_example\node_modules\.bin;c:\program files (x86)\graphicsmagick-1.3.25-q16;C:\Windows\system32;C:\Windows;C:\Windows\System32\Wbem;C:\Windows\System32\WindowsPowerShell\v1.0\;C:\Program Files (x86)\NVIDIA Corporation\PhysX\Common;I:\Program Files (x86)\Brackets\command;C:\WINDOWS\system32;C:\WINDOWS;C:\WINDOWS\System32\Wbem;C:\WINDOWS\System32\WindowsPowerShell\v1.0\;C:\Program Files\MongoDB\Server\3.4\bin;C:\Program Files\VisualSVN Server\bin;C:\Program Files\TortoiseSVN\bin;E:\SSD\Git\bin;C:\Users\Siger\AppData\Roaming\nvm;C:\Program Files\nodejs;E:\SSD\nodejs;E:\SSD\nodejs\;C:\Users\Siger\AppData\Local\Microsoft\WindowsApps;C:\Users\Siger\AppData\Roaming\nvm;C:\Program Files\nodejs;C:\Users\Siger\AppData\Roaming\npm;I:\Program Files (x86)\Microsoft VS Code\bin
10 verbose lifecycle webpack_example@1.0.0~develop: CWD: G:\资料视频\上课视频资料\016移动app\day02\代码\webpack_example
11 silly lifecycle webpack_example@1.0.0~develop: Args: [ '/d /s /c',
11 silly lifecycle   'webpack-dev-server --config webpack.develop.config.js --progress --profile --colors' ]
12 silly lifecycle webpack_example@1.0.0~develop: Returned: code: 3221225786  signal: null
13 info lifecycle webpack_example@1.0.0~develop: Failed to exec develop script
14 verbose stack Error: webpack_example@1.0.0 develop: `webpack-dev-server --config webpack.develop.config.js --progress --profile --colors`
14 verbose stack Exit status 3221225786
14 verbose stack     at EventEmitter.<anonymous> (E:\SSD\nodejs\node_modules\npm\lib\utils\lifecycle.js:255:16)
14 verbose stack     at emitTwo (events.js:106:13)
14 verbose stack     at EventEmitter.emit (events.js:191:7)
14 verbose stack     at ChildProcess.<anonymous> (E:\SSD\nodejs\node_modules\npm\lib\utils\spawn.js:40:14)
14 verbose stack     at emitTwo (events.js:106:13)
14 verbose stack     at ChildProcess.emit (events.js:191:7)
14 verbose stack     at maybeClose (internal/child_process.js:877:16)
14 verbose stack     at Process.ChildProcess._handle.onexit (internal/child_process.js:226:5)
15 verbose pkgid webpack_example@1.0.0
16 verbose cwd G:\资料视频\上课视频资料\016移动app\day02\代码\webpack_example
17 error Windows_NT 10.0.14393
18 error argv "E:\\SSD\\nodejs\\node.exe" "E:\\SSD\\nodejs\\node_modules\\npm\\bin\\npm-cli.js" "run" "develop"
19 error node v6.9.4
20 error npm  v3.10.10
21 error code ELIFECYCLE
22 error webpack_example@1.0.0 develop: `webpack-dev-server --config webpack.develop.config.js --progress --profile --colors`
22 error Exit status 3221225786
23 error Failed at the webpack_example@1.0.0 develop script 'webpack-dev-server --config webpack.develop.config.js --progress --profile --colors'.
23 error Make sure you have the latest version of node.js and npm installed.
23 error If you do, this is most likely a problem with the webpack_example package,
23 error not with npm itself.
23 error Tell the author that this fails on your system:
23 error     webpack-dev-server --config webpack.develop.config.js --progress --profile --colors
23 error You can get information on how to open an issue for this project with:
23 error     npm bugs webpack_example
23 error Or if that isn't available, you can get their info via:
23 error     npm owner ls webpack_example
23 error There is likely additional logging output above.
24 verbose exit [ 1, true ]
